<?xml version="1.0" encoding="UTF-8"?>
<coverage generated="1496160493227" clover="3.2.0">
  <project timestamp="1496160493227" name="All files">
    <metrics statements="207" coveredstatements="78" conditionals="137" coveredconditionals="54" methods="61" coveredmethods="19" elements="405" coveredelements="151" complexity="0" loc="207" ncloc="207" packages="4" files="8" classes="8">
      <package name="handlers.methods">
        <metrics statements="150" coveredstatements="25" conditionals="84" coveredconditionals="8" methods="52" coveredmethods="11"/>
        <file name="get.ts" path="C:\Users\petib\Documents\Projects\jsonapi-tools\packages\server-core\src\handlers\methods\get.ts">
          <metrics statements="150" coveredstatements="25" conditionals="84" coveredconditionals="8" methods="52" coveredmethods="11"/>
          <line num="1" count="2" type="stmt"/>
          <line num="3" count="1" type="stmt"/>
          <line num="5" count="1" type="stmt"/>
          <line num="6" count="1" type="stmt"/>
          <line num="7" count="1" type="stmt"/>
          <line num="8" count="1" type="stmt"/>
          <line num="10" count="1" type="stmt"/>
          <line num="33" count="2" type="stmt"/>
          <line num="36" count="2" type="stmt"/>
          <line num="47" count="0" type="cond" truecount="0" falsecount="2"/>
          <line num="48" count="0" type="stmt"/>
          <line num="52" count="0" type="cond" truecount="0" falsecount="2"/>
          <line num="54" count="0" type="stmt"/>
          <line num="59" count="0" type="cond" truecount="0" falsecount="2"/>
          <line num="70" count="0" type="stmt"/>
          <line num="71" count="0" type="stmt"/>
          <line num="72" count="0" type="stmt"/>
          <line num="73" count="0" type="cond" truecount="0" falsecount="3"/>
          <line num="74" count="0" type="stmt"/>
          <line num="76" count="0" type="stmt"/>
          <line num="77" count="0" type="cond" truecount="0" falsecount="2"/>
          <line num="78" count="0" type="stmt"/>
          <line num="80" count="0" type="stmt"/>
          <line num="86" count="0" type="cond" truecount="0" falsecount="2"/>
          <line num="87" count="0" type="stmt"/>
          <line num="88" count="0" type="cond" truecount="0" falsecount="2"/>
          <line num="89" count="0" type="stmt"/>
          <line num="91" count="0" type="stmt"/>
          <line num="98" count="0" type="stmt"/>
          <line num="99" count="0" type="cond" truecount="0" falsecount="2"/>
          <line num="100" count="0" type="stmt"/>
          <line num="102" count="0" type="stmt"/>
          <line num="104" count="0" type="stmt"/>
          <line num="108" count="0" type="stmt"/>
          <line num="109" count="0" type="stmt"/>
          <line num="110" count="0" type="stmt"/>
          <line num="111" count="0" type="stmt"/>
          <line num="114" count="0" type="stmt"/>
          <line num="120" count="0" type="cond" truecount="0" falsecount="2"/>
          <line num="121" count="0" type="stmt"/>
          <line num="123" count="0" type="stmt"/>
          <line num="133" count="0" type="stmt"/>
          <line num="134" count="0" type="stmt"/>
          <line num="136" count="0" type="stmt"/>
          <line num="138" count="0" type="stmt"/>
          <line num="139" count="0" type="stmt"/>
          <line num="140" count="0" type="cond" truecount="0" falsecount="2"/>
          <line num="141" count="0" type="stmt"/>
          <line num="142" count="0" type="cond" truecount="0" falsecount="2"/>
          <line num="143" count="0" type="stmt"/>
          <line num="146" count="0" type="stmt"/>
          <line num="149" count="0" type="stmt"/>
          <line num="150" count="0" type="stmt"/>
          <line num="151" count="0" type="cond" truecount="0" falsecount="4"/>
          <line num="152" count="0" type="stmt"/>
          <line num="153" count="0" type="cond" truecount="0" falsecount="2"/>
          <line num="154" count="0" type="cond" truecount="0" falsecount="2"/>
          <line num="155" count="0" type="stmt"/>
          <line num="157" count="0" type="stmt"/>
          <line num="160" count="0" type="stmt"/>
          <line num="162" count="0" type="stmt"/>
          <line num="163" count="0" type="stmt"/>
          <line num="167" count="0" type="stmt"/>
          <line num="168" count="0" type="cond" truecount="0" falsecount="2"/>
          <line num="169" count="0" type="cond" truecount="0" falsecount="2"/>
          <line num="170" count="0" type="stmt"/>
          <line num="172" count="0" type="stmt"/>
          <line num="175" count="0" type="stmt"/>
          <line num="176" count="0" type="stmt"/>
          <line num="178" count="0" type="stmt"/>
          <line num="179" count="0" type="stmt"/>
          <line num="180" count="0" type="stmt"/>
          <line num="184" count="0" type="stmt"/>
          <line num="185" count="0" type="stmt"/>
          <line num="186" count="0" type="cond" truecount="0" falsecount="2"/>
          <line num="187" count="0" type="stmt"/>
          <line num="190" count="0" type="stmt"/>
          <line num="193" count="0" type="cond" truecount="0" falsecount="2"/>
          <line num="194" count="0" type="stmt"/>
          <line num="197" count="0" type="stmt"/>
          <line num="208" count="0" type="stmt"/>
          <line num="209" count="0" type="stmt"/>
          <line num="211" count="0" type="stmt"/>
          <line num="213" count="0" type="stmt"/>
          <line num="214" count="0" type="stmt"/>
          <line num="215" count="0" type="stmt"/>
          <line num="218" count="0" type="stmt"/>
          <line num="219" count="0" type="stmt"/>
          <line num="221" count="0" type="stmt"/>
          <line num="222" count="0" type="stmt"/>
          <line num="224" count="0" type="stmt"/>
          <line num="226" count="0" type="stmt"/>
          <line num="227" count="0" type="stmt"/>
          <line num="228" count="0" type="cond" truecount="0" falsecount="4"/>
          <line num="229" count="0" type="stmt"/>
          <line num="234" count="0" type="stmt"/>
          <line num="277" count="6" type="stmt"/>
          <line num="283" count="3" type="cond" truecount="2" falsecount="0"/>
          <line num="291" count="0" type="stmt"/>
          <line num="292" count="0" type="stmt"/>
          <line num="294" count="0" type="cond" truecount="0" falsecount="6"/>
          <line num="295" count="0" type="cond" truecount="0" falsecount="2"/>
          <line num="296" count="0" type="stmt"/>
          <line num="297" count="0" type="cond" truecount="0" falsecount="2"/>
          <line num="298" count="0" type="stmt"/>
          <line num="300" count="0" type="stmt"/>
          <line num="303" count="0" type="stmt"/>
          <line num="309" count="0" type="stmt"/>
          <line num="310" count="0" type="stmt"/>
          <line num="312" count="0" type="stmt"/>
          <line num="313" count="0" type="stmt"/>
          <line num="315" count="0" type="stmt"/>
          <line num="316" count="0" type="cond" truecount="0" falsecount="2"/>
          <line num="317" count="0" type="cond" truecount="0" falsecount="2"/>
          <line num="318" count="0" type="stmt"/>
          <line num="320" count="0" type="cond" truecount="0" falsecount="2"/>
          <line num="321" count="0" type="cond" truecount="0" falsecount="2"/>
          <line num="322" count="0" type="stmt"/>
          <line num="324" count="0" type="stmt"/>
          <line num="327" count="0" type="stmt"/>
          <line num="329" count="0" type="stmt"/>
          <line num="330" count="0" type="cond" truecount="0" falsecount="2"/>
          <line num="331" count="0" type="stmt"/>
          <line num="336" count="0" type="stmt"/>
          <line num="338" count="0" type="stmt"/>
          <line num="339" count="0" type="stmt"/>
          <line num="345" count="0" type="stmt"/>
          <line num="346" count="0" type="stmt"/>
          <line num="348" count="0" type="stmt"/>
          <line num="349" count="0" type="stmt"/>
          <line num="353" count="3" type="stmt"/>
          <line num="354" count="3" type="stmt"/>
          <line num="356" count="3" type="stmt"/>
          <line num="357" count="2" type="stmt"/>
          <line num="359" count="2" type="cond" truecount="2" falsecount="0"/>
          <line num="360" count="1" type="stmt"/>
          <line num="362" count="1" type="stmt"/>
          <line num="363" count="1" type="cond" truecount="1" falsecount="1"/>
          <line num="364" count="1" type="stmt"/>
          <line num="366" count="1" type="stmt"/>
          <line num="371" count="0" type="stmt"/>
          <line num="372" count="0" type="stmt"/>
          <line num="374" count="0" type="stmt"/>
          <line num="375" count="0" type="stmt"/>
          <line num="377" count="0" type="stmt"/>
          <line num="389" count="3" type="cond" truecount="1" falsecount="1"/>
          <line num="390" count="0" type="stmt"/>
          <line num="394" count="3" type="stmt"/>
          <line num="399" count="1" type="stmt"/>
          <line num="400" count="3" type="stmt"/>
        </file>
      </package>
      <package name="handlers.methods.internal">
        <metrics statements="49" coveredstatements="45" conditionals="46" coveredconditionals="42" methods="7" coveredmethods="6"/>
        <file name="data-to-linkage.ts" path="C:\Users\petib\Documents\Projects\jsonapi-tools\packages\server-core\src\handlers\methods\internal\data-to-linkage.ts">
          <metrics statements="8" coveredstatements="8" conditionals="14" coveredconditionals="14" methods="2" coveredmethods="2"/>
          <line num="1" count="6" type="stmt"/>
          <line num="3" count="3" type="stmt"/>
          <line num="10" count="3" type="stmt"/>
          <line num="18" count="21" type="stmt"/>
          <line num="23" count="21" type="cond" truecount="4" falsecount="0"/>
          <line num="24" count="1" type="stmt"/>
          <line num="27" count="21" type="stmt"/>
          <line num="30" count="11" type="stmt"/>
        </file>
        <file name="data-to-resource.ts" path="C:\Users\petib\Documents\Projects\jsonapi-tools\packages\server-core\src\handlers\methods\internal\data-to-resource.ts">
          <metrics statements="21" coveredstatements="21" conditionals="20" coveredconditionals="20" methods="1" coveredmethods="1"/>
          <line num="1" count="4" type="stmt"/>
          <line num="3" count="2" type="stmt"/>
          <line num="8" count="2" type="stmt"/>
          <line num="9" count="7" type="cond" truecount="2" falsecount="0"/>
          <line num="10" count="2" type="stmt"/>
          <line num="13" count="5" type="stmt"/>
          <line num="24" count="5" type="stmt"/>
          <line num="25" count="14" type="cond" truecount="2" falsecount="0"/>
          <line num="26" count="14" type="cond" truecount="2" falsecount="0"/>
          <line num="27" count="2" type="cond" truecount="2" falsecount="0"/>
          <line num="28" count="1" type="stmt"/>
          <line num="30" count="2" type="stmt"/>
          <line num="31" count="12" type="cond" truecount="4" falsecount="0"/>
          <line num="32" count="3" type="cond" truecount="2" falsecount="0"/>
          <line num="33" count="1" type="stmt"/>
          <line num="35" count="3" type="stmt"/>
          <line num="39" count="5" type="cond" truecount="2" falsecount="0"/>
          <line num="40" count="1" type="stmt"/>
          <line num="42" count="5" type="cond" truecount="2" falsecount="0"/>
          <line num="43" count="1" type="stmt"/>
          <line num="46" count="5" type="stmt"/>
        </file>
        <file name="get-related-schema.ts" path="C:\Users\petib\Documents\Projects\jsonapi-tools\packages\server-core\src\handlers\methods\internal\get-related-schema.ts">
          <metrics statements="7" coveredstatements="3" conditionals="4" coveredconditionals="0" methods="1" coveredmethods="0"/>
          <line num="1" count="2" type="stmt"/>
          <line num="3" count="1" type="stmt"/>
          <line num="6" count="1" type="stmt"/>
          <line num="7" count="0" type="cond" truecount="0" falsecount="2"/>
          <line num="8" count="0" type="cond" truecount="0" falsecount="2"/>
          <line num="9" count="0" type="stmt"/>
          <line num="11" count="0" type="stmt"/>
        </file>
        <file name="get-relationship-update-data.ts" path="C:\Users\petib\Documents\Projects\jsonapi-tools\packages\server-core\src\handlers\methods\internal\get-relationship-update-data.ts">
          <metrics statements="7" coveredstatements="7" conditionals="6" coveredconditionals="6" methods="2" coveredmethods="2"/>
          <line num="1" count="2" type="stmt"/>
          <line num="3" count="1" type="stmt"/>
          <line num="7" count="1" type="stmt"/>
          <line num="8" count="4" type="cond" truecount="2" falsecount="0"/>
          <line num="11" count="2" type="stmt"/>
          <line num="13" count="2" type="stmt"/>
          <line num="15" count="2" type="stmt"/>
        </file>
        <file name="model-for-type.ts" path="C:\Users\petib\Documents\Projects\jsonapi-tools\packages\server-core\src\handlers\methods\internal\model-for-type.ts">
          <metrics statements="6" coveredstatements="6" conditionals="2" coveredconditionals="2" methods="1" coveredmethods="1"/>
          <line num="1" count="2" type="stmt"/>
          <line num="3" count="1" type="stmt"/>
          <line num="7" count="1" type="stmt"/>
          <line num="8" count="3" type="cond" truecount="2" falsecount="0"/>
          <line num="9" count="2" type="stmt"/>
          <line num="11" count="1" type="stmt"/>
        </file>
      </package>
      <package name="types">
        <metrics statements="2" coveredstatements="2" conditionals="3" coveredconditionals="3" methods="1" coveredmethods="1"/>
        <file name="model.ts" path="C:\Users\petib\Documents\Projects\jsonapi-tools\packages\server-core\src\types\model.ts">
          <metrics statements="2" coveredstatements="2" conditionals="3" coveredconditionals="3" methods="1" coveredmethods="1"/>
          <line num="30" count="3" type="stmt"/>
          <line num="31" count="42" type="cond" truecount="3" falsecount="0"/>
        </file>
      </package>
      <package name="utils">
        <metrics statements="6" coveredstatements="6" conditionals="4" coveredconditionals="1" methods="1" coveredmethods="1"/>
        <file name="custom-error.ts" path="C:\Users\petib\Documents\Projects\jsonapi-tools\packages\server-core\src\utils\custom-error.ts">
          <metrics statements="6" coveredstatements="6" conditionals="4" coveredconditionals="1" methods="1" coveredmethods="1"/>
          <line num="3" count="2" type="stmt"/>
          <line num="7" count="4" type="stmt"/>
          <line num="9" count="4" type="stmt"/>
          <line num="11" count="4" type="stmt"/>
          <line num="13" count="4" type="cond" truecount="1" falsecount="1"/>
          <line num="14" count="4" type="stmt"/>
        </file>
      </package>
    </metrics>
  </project>
</coverage>
