{"C:\\Users\\petib\\Documents\\Projects\\jsonapi-tools\\packages\\server-core\\src\\handlers\\methods\\get.ts": {"path":"C:\\Users\\petib\\Documents\\Projects\\jsonapi-tools\\packages\\server-core\\src\\handlers\\methods\\get.ts","statementMap":{"0":{"start":{"line":1,"column":13},"end":{"line":null,"column":-1}},"1":{"start":{"line":3,"column":0},"end":{"line":3,"column":36}},"2":{"start":{"line":5,"column":0},"end":{"line":5,"column":60}},"3":{"start":{"line":6,"column":0},"end":{"line":6,"column":52}},"4":{"start":{"line":7,"column":0},"end":{"line":7,"column":54}},"5":{"start":{"line":8,"column":0},"end":{"line":8,"column":56}},"6":{"start":{"line":10,"column":0},"end":{"line":10,"column":50}},"7":{"start":{"line":33,"column":2},"end":{"line":36,"column":61}},"8":{"start":{"line":36,"column":25},"end":{"line":36,"column":59}},"9":{"start":{"line":47,"column":2},"end":{"line":60,"column":3}},"10":{"start":{"line":48,"column":4},"end":{"line":52,"column":93}},"11":{"start":{"line":52,"column":27},"end":{"line":52,"column":91}},"12":{"start":{"line":52,"column":51},"end":{"line":52,"column":85}},"13":{"start":{"line":54,"column":4},"end":{"line":59,"column":93}},"14":{"start":{"line":59,"column":27},"end":{"line":59,"column":91}},"15":{"start":{"line":59,"column":51},"end":{"line":59,"column":85}},"16":{"start":{"line":70,"column":2},"end":{"line":82,"column":5}},"17":{"start":{"line":71,"column":26},"end":{"line":71,"column":70}},"18":{"start":{"line":72,"column":17},"end":{"line":72,"column":34}},"19":{"start":{"line":73,"column":24},"end":{"line":73,"column":59}},"20":{"start":{"line":74,"column":4},"end":{"line":74,"column":34}},"21":{"start":{"line":76,"column":4},"end":{"line":81,"column":7}},"22":{"start":{"line":77,"column":6},"end":{"line":79,"column":7}},"23":{"start":{"line":78,"column":8},"end":{"line":78,"column":88}},"24":{"start":{"line":80,"column":6},"end":{"line":80,"column":109}},"25":{"start":{"line":86,"column":24},"end":{"line":86,"column":63}},"26":{"start":{"line":87,"column":2},"end":{"line":92,"column":3}},"27":{"start":{"line":88,"column":4},"end":{"line":90,"column":5}},"28":{"start":{"line":89,"column":6},"end":{"line":89,"column":109}},"29":{"start":{"line":91,"column":4},"end":{"line":91,"column":87}},"30":{"start":{"line":98,"column":2},"end":{"line":103,"column":3}},"31":{"start":{"line":99,"column":4},"end":{"line":101,"column":5}},"32":{"start":{"line":100,"column":6},"end":{"line":100,"column":40}},"33":{"start":{"line":102,"column":4},"end":{"line":102,"column":41}},"34":{"start":{"line":104,"column":2},"end":{"line":104,"column":17}},"35":{"start":{"line":108,"column":51},"end":{"line":108,"column":53}},"36":{"start":{"line":109,"column":2},"end":{"line":113,"column":3}},"37":{"start":{"line":110,"column":4},"end":{"line":112,"column":5}},"38":{"start":{"line":111,"column":6},"end":{"line":111,"column":29}},"39":{"start":{"line":114,"column":2},"end":{"line":114,"column":13}},"40":{"start":{"line":120,"column":2},"end":{"line":122,"column":3}},"41":{"start":{"line":121,"column":4},"end":{"line":121,"column":44}},"42":{"start":{"line":123,"column":2},"end":{"line":123,"column":59}},"43":{"start":{"line":133,"column":2},"end":{"line":198,"column":5}},"44":{"start":{"line":134,"column":35},"end":{"line":134,"column":44}},"45":{"start":{"line":136,"column":4},"end":{"line":165,"column":5}},"46":{"start":{"line":138,"column":26},"end":{"line":147,"column":24}},"47":{"start":{"line":139,"column":34},"end":{"line":139,"column":64}},"48":{"start":{"line":140,"column":8},"end":{"line":145,"column":9}},"49":{"start":{"line":141,"column":25},"end":{"line":141,"column":61}},"50":{"start":{"line":142,"column":10},"end":{"line":144,"column":11}},"51":{"start":{"line":143,"column":12},"end":{"line":143,"column":26}},"52":{"start":{"line":146,"column":8},"end":{"line":146,"column":113}},"53":{"start":{"line":149,"column":6},"end":{"line":164,"column":7}},"54":{"start":{"line":150,"column":26},"end":{"line":161,"column":15}},"55":{"start":{"line":151,"column":10},"end":{"line":159,"column":11}},"56":{"start":{"line":152,"column":37},"end":{"line":152,"column":78}},"57":{"start":{"line":153,"column":12},"end":{"line":158,"column":13}},"58":{"start":{"line":154,"column":14},"end":{"line":156,"column":15}},"59":{"start":{"line":155,"column":16},"end":{"line":155,"column":54}},"60":{"start":{"line":157,"column":14},"end":{"line":157,"column":43}},"61":{"start":{"line":160,"column":10},"end":{"line":160,"column":23}},"62":{"start":{"line":162,"column":8},"end":{"line":162,"column":60}},"63":{"start":{"line":163,"column":8},"end":{"line":163,"column":43}},"64":{"start":{"line":167,"column":21},"end":{"line":173,"column":10}},"65":{"start":{"line":168,"column":21},"end":{"line":168,"column":97}},"66":{"start":{"line":168,"column":43},"end":{"line":168,"column":96}},"67":{"start":{"line":169,"column":6},"end":{"line":171,"column":7}},"68":{"start":{"line":170,"column":8},"end":{"line":170,"column":57}},"69":{"start":{"line":172,"column":6},"end":{"line":172,"column":19}},"70":{"start":{"line":175,"column":21},"end":{"line":175,"column":103}},"71":{"start":{"line":175,"column":52},"end":{"line":175,"column":102}},"72":{"start":{"line":176,"column":4},"end":{"line":176,"column":34}},"73":{"start":{"line":178,"column":4},"end":{"line":182,"column":5}},"74":{"start":{"line":179,"column":6},"end":{"line":181,"column":7}},"75":{"start":{"line":180,"column":8},"end":{"line":180,"column":44}},"76":{"start":{"line":184,"column":26},"end":{"line":191,"column":10}},"77":{"start":{"line":185,"column":6},"end":{"line":189,"column":7}},"78":{"start":{"line":186,"column":8},"end":{"line":188,"column":9}},"79":{"start":{"line":187,"column":10},"end":{"line":187,"column":41}},"80":{"start":{"line":190,"column":6},"end":{"line":190,"column":19}},"81":{"start":{"line":193,"column":4},"end":{"line":195,"column":5}},"82":{"start":{"line":194,"column":6},"end":{"line":194,"column":13}},"83":{"start":{"line":197,"column":4},"end":{"line":197,"column":89}},"84":{"start":{"line":208,"column":2},"end":{"line":236,"column":5}},"85":{"start":{"line":209,"column":24},"end":{"line":209,"column":39}},"86":{"start":{"line":211,"column":4},"end":{"line":211,"column":52}},"87":{"start":{"line":213,"column":37},"end":{"line":213,"column":46}},"88":{"start":{"line":214,"column":4},"end":{"line":216,"column":5}},"89":{"start":{"line":215,"column":6},"end":{"line":215,"column":42}},"90":{"start":{"line":218,"column":70},"end":{"line":218,"column":79}},"91":{"start":{"line":219,"column":4},"end":{"line":219,"column":44}},"92":{"start":{"line":221,"column":4},"end":{"line":235,"column":7}},"93":{"start":{"line":222,"column":42},"end":{"line":222,"column":44}},"94":{"start":{"line":224,"column":27},"end":{"line":224,"column":72}},"95":{"start":{"line":226,"column":6},"end":{"line":232,"column":7}},"96":{"start":{"line":227,"column":8},"end":{"line":231,"column":9}},"97":{"start":{"line":228,"column":10},"end":{"line":230,"column":11}},"98":{"start":{"line":229,"column":12},"end":{"line":229,"column":36}},"99":{"start":{"line":234,"column":6},"end":{"line":234,"column":22}},"100":{"start":{"line":277,"column":2},"end":{"line":277,"column":60}},"101":{"start":{"line":283,"column":2},"end":{"line":284,"column":112}},"102":{"start":{"line":291,"column":62},"end":{"line":291,"column":75}},"103":{"start":{"line":292,"column":15},"end":{"line":292,"column":39}},"104":{"start":{"line":294,"column":2},"end":{"line":302,"column":3}},"105":{"start":{"line":295,"column":20},"end":{"line":295,"column":67}},"106":{"start":{"line":296,"column":4},"end":{"line":301,"column":7}},"107":{"start":{"line":297,"column":6},"end":{"line":299,"column":7}},"108":{"start":{"line":298,"column":8},"end":{"line":298,"column":32}},"109":{"start":{"line":300,"column":6},"end":{"line":300,"column":17}},"110":{"start":{"line":303,"column":2},"end":{"line":303,"column":31}},"111":{"start":{"line":309,"column":92},"end":{"line":309,"column":105}},"112":{"start":{"line":310,"column":15},"end":{"line":310,"column":39}},"113":{"start":{"line":312,"column":2},"end":{"line":339,"column":64}},"114":{"start":{"line":312,"column":28},"end":{"line":312,"column":54}},"115":{"start":{"line":313,"column":19},"end":{"line":313,"column":77}},"116":{"start":{"line":315,"column":44},"end":{"line":315,"column":58}},"117":{"start":{"line":316,"column":26},"end":{"line":316,"column":86}},"118":{"start":{"line":317,"column":6},"end":{"line":319,"column":7}},"119":{"start":{"line":318,"column":8},"end":{"line":318,"column":42}},"120":{"start":{"line":320,"column":6},"end":{"line":337,"column":7}},"121":{"start":{"line":321,"column":8},"end":{"line":328,"column":9}},"122":{"start":{"line":322,"column":10},"end":{"line":327,"column":59}},"123":{"start":{"line":324,"column":48},"end":{"line":324,"column":55}},"124":{"start":{"line":327,"column":27},"end":{"line":327,"column":43}},"125":{"start":{"line":327,"column":44},"end":{"line":327,"column":55}},"126":{"start":{"line":329,"column":8},"end":{"line":329,"column":22}},"127":{"start":{"line":330,"column":13},"end":{"line":337,"column":7}},"128":{"start":{"line":331,"column":8},"end":{"line":336,"column":57}},"129":{"start":{"line":336,"column":25},"end":{"line":336,"column":41}},"130":{"start":{"line":336,"column":42},"end":{"line":336,"column":53}},"131":{"start":{"line":338,"column":6},"end":{"line":338,"column":17}},"132":{"start":{"line":339,"column":19},"end":{"line":339,"column":62}},"133":{"start":{"line":345,"column":68},"end":{"line":345,"column":81}},"134":{"start":{"line":346,"column":15},"end":{"line":346,"column":39}},"135":{"start":{"line":348,"column":2},"end":{"line":349,"column":79}},"136":{"start":{"line":348,"column":28},"end":{"line":348,"column":54}},"137":{"start":{"line":349,"column":19},"end":{"line":349,"column":77}},"138":{"start":{"line":353,"column":58},"end":{"line":353,"column":71}},"139":{"start":{"line":354,"column":15},"end":{"line":354,"column":39}},"140":{"start":{"line":356,"column":2},"end":{"line":367,"column":7}},"141":{"start":{"line":356,"column":28},"end":{"line":356,"column":54}},"142":{"start":{"line":357,"column":19},"end":{"line":357,"column":69}},"143":{"start":{"line":359,"column":6},"end":{"line":361,"column":7}},"144":{"start":{"line":360,"column":8},"end":{"line":360,"column":98}},"145":{"start":{"line":362,"column":44},"end":{"line":362,"column":62}},"146":{"start":{"line":363,"column":6},"end":{"line":365,"column":7}},"147":{"start":{"line":364,"column":8},"end":{"line":364,"column":50}},"148":{"start":{"line":366,"column":6},"end":{"line":366,"column":17}},"149":{"start":{"line":371,"column":58},"end":{"line":371,"column":71}},"150":{"start":{"line":372,"column":15},"end":{"line":372,"column":39}},"151":{"start":{"line":374,"column":2},"end":{"line":383,"column":10}},"152":{"start":{"line":374,"column":28},"end":{"line":374,"column":54}},"153":{"start":{"line":375,"column":19},"end":{"line":383,"column":8}},"154":{"start":{"line":377,"column":9},"end":{"line":382,"column":38}},"155":{"start":{"line":389,"column":2},"end":{"line":393,"column":3}},"156":{"start":{"line":390,"column":4},"end":{"line":392,"column":50}},"157":{"start":{"line":394,"column":2},"end":{"line":396,"column":42}},"158":{"start":{"line":400,"column":2},"end":{"line":400,"column":86}},"159":{"start":{"line":400,"column":57},"end":{"line":400,"column":83}},"160":{"start":{"line":399,"column":0},"end":{"line":401,"column":1}}},"fnMap":{"0":{"name":"getResource","decl":{"start":{"line":27,"column":0},"end":{"line":28,"column":1}},"loc":{"start":{"line":31,"column":16},"end":{"line":37,"column":1}}},"1":{"name":"(anonymous_1)","decl":{"start":{"line":36,"column":17},"end":{"line":36,"column":20}},"loc":{"start":{"line":36,"column":25},"end":{"line":36,"column":59}}},"2":{"name":"getResources","decl":{"start":{"line":39,"column":0},"end":{"line":40,"column":1}},"loc":{"start":{"line":45,"column":16},"end":{"line":61,"column":1}}},"3":{"name":"(anonymous_3)","decl":{"start":{"line":52,"column":19},"end":{"line":52,"column":22}},"loc":{"start":{"line":52,"column":27},"end":{"line":52,"column":91}}},"4":{"name":"(anonymous_4)","decl":{"start":{"line":52,"column":43},"end":{"line":52,"column":46}},"loc":{"start":{"line":52,"column":51},"end":{"line":52,"column":85}}},"5":{"name":"(anonymous_5)","decl":{"start":{"line":59,"column":19},"end":{"line":59,"column":22}},"loc":{"start":{"line":59,"column":27},"end":{"line":59,"column":91}}},"6":{"name":"(anonymous_6)","decl":{"start":{"line":59,"column":43},"end":{"line":59,"column":46}},"loc":{"start":{"line":59,"column":51},"end":{"line":59,"column":85}}},"7":{"name":"getRelationshipObject","decl":{"start":{"line":63,"column":0},"end":{"line":64,"column":1}},"loc":{"start":{"line":68,"column":16},"end":{"line":83,"column":1}}},"8":{"name":"(anonymous_8)","decl":{"start":{"line":70,"column":22},"end":{"line":null,"column":-1}},"loc":{"start":{"line":70,"column":22},"end":{"line":82,"column":3}}},"9":{"name":"(anonymous_9)","decl":{"start":{"line":76,"column":79},"end":{"line":76,"column":82}},"loc":{"start":{"line":76,"column":83},"end":{"line":81,"column":5}}},"10":{"name":"validateIncludes","decl":{"start":{"line":85,"column":0},"end":{"line":85,"column":25}},"loc":{"start":{"line":85,"column":82},"end":{"line":93,"column":1}}},"11":{"name":"buildLinkMap","decl":{"start":{"line":97,"column":0},"end":{"line":97,"column":21}},"loc":{"start":{"line":97,"column":113},"end":{"line":105,"column":1}}},"12":{"name":"uniqueLinks","decl":{"start":{"line":107,"column":0},"end":{"line":107,"column":20}},"loc":{"start":{"line":107,"column":78},"end":{"line":115,"column":1}}},"13":{"name":"addToItemCache","decl":{"start":{"line":119,"column":0},"end":{"line":119,"column":23}},"loc":{"start":{"line":119,"column":75},"end":{"line":124,"column":1}}},"14":{"name":"includeTier","decl":{"start":{"line":126,"column":0},"end":{"line":127,"column":1}},"loc":{"start":{"line":132,"column":16},"end":{"line":199,"column":1}}},"15":{"name":"(anonymous_15)","decl":{"start":{"line":133,"column":22},"end":{"line":null,"column":-1}},"loc":{"start":{"line":133,"column":22},"end":{"line":177,"column":3}}},"16":{"name":"(anonymous_16)","decl":{"start":{"line":138,"column":58},"end":{"line":138,"column":67}},"loc":{"start":{"line":138,"column":68},"end":{"line":147,"column":7}}},"17":{"name":"(anonymous_17)","decl":{"start":{"line":150,"column":57},"end":{"line":150,"column":58}},"loc":{"start":{"line":150,"column":102},"end":{"line":161,"column":9}}},"18":{"name":"(anonymous_18)","decl":{"start":{"line":167,"column":43},"end":{"line":167,"column":44}},"loc":{"start":{"line":167,"column":89},"end":{"line":173,"column":5}}},"19":{"name":"(anonymous_19)","decl":{"start":{"line":168,"column":37},"end":{"line":168,"column":38}},"loc":{"start":{"line":168,"column":43},"end":{"line":168,"column":96}}},"20":{"name":"(anonymous_20)","decl":{"start":{"line":175,"column":34},"end":{"line":175,"column":35}},"loc":{"start":{"line":175,"column":52},"end":{"line":175,"column":102}}},"21":{"name":"(anonymous_21)","decl":{"start":{"line":177,"column":10},"end":{"line":177,"column":23}},"loc":{"start":{"line":177,"column":24},"end":{"line":198,"column":3}}},"22":{"name":"(anonymous_22)","decl":{"start":{"line":184,"column":43},"end":{"line":184,"column":44}},"loc":{"start":{"line":184,"column":74},"end":{"line":191,"column":5}}},"23":{"name":"getIncludedResources","decl":{"start":{"line":201,"column":0},"end":{"line":202,"column":1}},"loc":{"start":{"line":206,"column":16},"end":{"line":237,"column":1}}},"24":{"name":"(anonymous_24)","decl":{"start":{"line":208,"column":22},"end":{"line":null,"column":-1}},"loc":{"start":{"line":208,"column":22},"end":{"line":236,"column":3}}},"25":{"name":"(anonymous_25)","decl":{"start":{"line":221,"column":91},"end":{"line":null,"column":-1}},"loc":{"start":{"line":221,"column":91},"end":{"line":235,"column":5}}},"26":{"name":"isGetOneRequest","decl":{"start":{"line":276,"column":0},"end":{"line":276,"column":24}},"loc":{"start":{"line":276,"column":51},"end":{"line":278,"column":1}}},"27":{"name":"isRelatedRequest","decl":{"start":{"line":280,"column":0},"end":{"line":281,"column":1}},"loc":{"start":{"line":281,"column":28},"end":{"line":285,"column":1}}},"28":{"name":"includeRelatedResources","decl":{"start":{"line":287,"column":0},"end":{"line":288,"column":1}},"loc":{"start":{"line":289,"column":31},"end":{"line":304,"column":1}}},"29":{"name":"(anonymous_29)","decl":{"start":{"line":296,"column":78},"end":{"line":296,"column":85}},"loc":{"start":{"line":296,"column":86},"end":{"line":301,"column":5}}},"30":{"name":"getRelatedResourceDocument","decl":{"start":{"line":306,"column":0},"end":{"line":307,"column":1}},"loc":{"start":{"line":307,"column":49},"end":{"line":340,"column":1}}},"31":{"name":"(anonymous_31)","decl":{"start":{"line":312,"column":22},"end":{"line":312,"column":27}},"loc":{"start":{"line":312,"column":28},"end":{"line":312,"column":54}}},"32":{"name":"(anonymous_32)","decl":{"start":{"line":313,"column":10},"end":{"line":313,"column":14}},"loc":{"start":{"line":313,"column":19},"end":{"line":313,"column":77}}},"33":{"name":"(anonymous_33)","decl":{"start":{"line":314,"column":10},"end":{"line":314,"column":27}},"loc":{"start":{"line":314,"column":28},"end":{"line":339,"column":5}}},"34":{"name":"(anonymous_34)","decl":{"start":{"line":324,"column":40},"end":{"line":324,"column":43}},"loc":{"start":{"line":324,"column":48},"end":{"line":324,"column":55}}},"35":{"name":"(anonymous_35)","decl":{"start":{"line":327,"column":17},"end":{"line":327,"column":20}},"loc":{"start":{"line":327,"column":21},"end":{"line":327,"column":57}}},"36":{"name":"(anonymous_36)","decl":{"start":{"line":336,"column":15},"end":{"line":336,"column":18}},"loc":{"start":{"line":336,"column":19},"end":{"line":336,"column":55}}},"37":{"name":"(anonymous_37)","decl":{"start":{"line":339,"column":12},"end":{"line":339,"column":14}},"loc":{"start":{"line":339,"column":19},"end":{"line":339,"column":62}}},"38":{"name":"getRelationshipDocument","decl":{"start":{"line":342,"column":0},"end":{"line":343,"column":1}},"loc":{"start":{"line":343,"column":46},"end":{"line":350,"column":1}}},"39":{"name":"(anonymous_39)","decl":{"start":{"line":348,"column":22},"end":{"line":348,"column":27}},"loc":{"start":{"line":348,"column":28},"end":{"line":348,"column":54}}},"40":{"name":"(anonymous_40)","decl":{"start":{"line":349,"column":10},"end":{"line":349,"column":14}},"loc":{"start":{"line":349,"column":19},"end":{"line":349,"column":77}}},"41":{"name":"getResourceDocument","decl":{"start":{"line":352,"column":0},"end":{"line":352,"column":28}},"loc":{"start":{"line":352,"column":64},"end":{"line":368,"column":1}}},"42":{"name":"(anonymous_42)","decl":{"start":{"line":356,"column":22},"end":{"line":356,"column":27}},"loc":{"start":{"line":356,"column":28},"end":{"line":356,"column":54}}},"43":{"name":"(anonymous_43)","decl":{"start":{"line":357,"column":10},"end":{"line":357,"column":14}},"loc":{"start":{"line":357,"column":19},"end":{"line":357,"column":69}}},"44":{"name":"(anonymous_44)","decl":{"start":{"line":358,"column":10},"end":{"line":358,"column":17}},"loc":{"start":{"line":358,"column":18},"end":{"line":367,"column":5}}},"45":{"name":"getResourcesDocument","decl":{"start":{"line":370,"column":0},"end":{"line":370,"column":29}},"loc":{"start":{"line":370,"column":65},"end":{"line":384,"column":1}}},"46":{"name":"(anonymous_46)","decl":{"start":{"line":374,"column":22},"end":{"line":374,"column":27}},"loc":{"start":{"line":374,"column":28},"end":{"line":374,"column":54}}},"47":{"name":"(anonymous_47)","decl":{"start":{"line":375,"column":10},"end":{"line":375,"column":14}},"loc":{"start":{"line":375,"column":19},"end":{"line":383,"column":8}}},"48":{"name":"(anonymous_48)","decl":{"start":{"line":376,"column":12},"end":{"line":376,"column":20}},"loc":{"start":{"line":376,"column":21},"end":{"line":383,"column":7}}},"49":{"name":"getResponseDocument","decl":{"start":{"line":386,"column":0},"end":{"line":387,"column":1}},"loc":{"start":{"line":387,"column":34},"end":{"line":397,"column":1}}},"50":{"name":"get","decl":{"start":{"line":399,"column":0},"end":{"line":399,"column":27}},"loc":{"start":{"line":399,"column":60},"end":{"line":401,"column":1}}},"51":{"name":"(anonymous_51)","decl":{"start":{"line":400,"column":49},"end":{"line":400,"column":51}},"loc":{"start":{"line":400,"column":57},"end":{"line":400,"column":83}}}},"branchMap":{"0":{"loc":{"start":{"line":35,"column":12},"end":{"line":35,"column":18}},"type":"binary-expr","locations":[{"start":{"line":35,"column":12},"end":{"line":35,"column":18}},{"start":{"line":35,"column":22},"end":{"line":35,"column":47}}]},"1":{"loc":{"start":{"line":47,"column":2},"end":{"line":60,"column":3}},"type":"if","locations":[{"start":{"line":47,"column":2},"end":{"line":60,"column":3}},{"start":{"line":47,"column":2},"end":{"line":60,"column":3}}]},"2":{"loc":{"start":{"line":49,"column":14},"end":{"line":49,"column":20}},"type":"binary-expr","locations":[{"start":{"line":49,"column":14},"end":{"line":49,"column":20}},{"start":{"line":49,"column":24},"end":{"line":49,"column":49}}]},"3":{"loc":{"start":{"line":52,"column":34},"end":{"line":52,"column":86}},"type":"cond-expr","locations":[{"start":{"line":52,"column":34},"end":{"line":52,"column":86}},{"start":{"line":52,"column":89},"end":{"line":52,"column":91}}]},"4":{"loc":{"start":{"line":56,"column":14},"end":{"line":56,"column":20}},"type":"binary-expr","locations":[{"start":{"line":56,"column":14},"end":{"line":56,"column":20}},{"start":{"line":56,"column":24},"end":{"line":56,"column":49}}]},"5":{"loc":{"start":{"line":59,"column":34},"end":{"line":59,"column":86}},"type":"cond-expr","locations":[{"start":{"line":59,"column":34},"end":{"line":59,"column":86}},{"start":{"line":59,"column":89},"end":{"line":59,"column":91}}]},"6":{"loc":{"start":{"line":73,"column":24},"end":{"line":73,"column":30}},"type":"binary-expr","locations":[{"start":{"line":73,"column":24},"end":{"line":73,"column":30}},{"start":{"line":73,"column":34},"end":{"line":73,"column":46}},{"start":{"line":73,"column":50},"end":{"line":73,"column":59}}]},"7":{"loc":{"start":{"line":77,"column":6},"end":{"line":79,"column":7}},"type":"if","locations":[{"start":{"line":77,"column":6},"end":{"line":79,"column":7}},{"start":{"line":77,"column":6},"end":{"line":79,"column":7}}]},"8":{"loc":{"start":{"line":86,"column":24},"end":{"line":86,"column":57}},"type":"binary-expr","locations":[{"start":{"line":86,"column":24},"end":{"line":86,"column":57}},{"start":{"line":86,"column":61},"end":{"line":86,"column":63}}]},"9":{"loc":{"start":{"line":88,"column":4},"end":{"line":90,"column":5}},"type":"if","locations":[{"start":{"line":88,"column":4},"end":{"line":90,"column":5}},{"start":{"line":88,"column":4},"end":{"line":90,"column":5}}]},"10":{"loc":{"start":{"line":97,"column":104},"end":{"line":97,"column":113}},"type":"default-arg","locations":[{"start":{"line":97,"column":104},"end":{"line":97,"column":113}}]},"11":{"loc":{"start":{"line":99,"column":4},"end":{"line":101,"column":5}},"type":"if","locations":[{"start":{"line":99,"column":4},"end":{"line":101,"column":5}},{"start":{"line":99,"column":4},"end":{"line":101,"column":5}}]},"12":{"loc":{"start":{"line":120,"column":2},"end":{"line":122,"column":3}},"type":"if","locations":[{"start":{"line":120,"column":2},"end":{"line":122,"column":3}},{"start":{"line":120,"column":2},"end":{"line":122,"column":3}}]},"13":{"loc":{"start":{"line":140,"column":8},"end":{"line":145,"column":9}},"type":"if","locations":[{"start":{"line":140,"column":8},"end":{"line":145,"column":9}},{"start":{"line":140,"column":8},"end":{"line":145,"column":9}}]},"14":{"loc":{"start":{"line":142,"column":10},"end":{"line":144,"column":11}},"type":"if","locations":[{"start":{"line":142,"column":10},"end":{"line":144,"column":11}},{"start":{"line":142,"column":10},"end":{"line":144,"column":11}}]},"15":{"loc":{"start":{"line":151,"column":10},"end":{"line":159,"column":11}},"type":"if","locations":[{"start":{"line":151,"column":10},"end":{"line":159,"column":11}},{"start":{"line":151,"column":10},"end":{"line":159,"column":11}}]},"16":{"loc":{"start":{"line":151,"column":14},"end":{"line":151,"column":36}},"type":"binary-expr","locations":[{"start":{"line":151,"column":14},"end":{"line":151,"column":36}},{"start":{"line":151,"column":40},"end":{"line":151,"column":76}}]},"17":{"loc":{"start":{"line":153,"column":12},"end":{"line":158,"column":13}},"type":"if","locations":[{"start":{"line":153,"column":12},"end":{"line":158,"column":13}},{"start":{"line":153,"column":12},"end":{"line":158,"column":13}}]},"18":{"loc":{"start":{"line":154,"column":14},"end":{"line":156,"column":15}},"type":"if","locations":[{"start":{"line":154,"column":14},"end":{"line":156,"column":15}},{"start":{"line":154,"column":14},"end":{"line":156,"column":15}}]},"19":{"loc":{"start":{"line":168,"column":43},"end":{"line":168,"column":63}},"type":"binary-expr","locations":[{"start":{"line":168,"column":43},"end":{"line":168,"column":63}},{"start":{"line":168,"column":67},"end":{"line":168,"column":96}}]},"20":{"loc":{"start":{"line":169,"column":6},"end":{"line":171,"column":7}},"type":"if","locations":[{"start":{"line":169,"column":6},"end":{"line":171,"column":7}},{"start":{"line":169,"column":6},"end":{"line":171,"column":7}}]},"21":{"loc":{"start":{"line":186,"column":8},"end":{"line":188,"column":9}},"type":"if","locations":[{"start":{"line":186,"column":8},"end":{"line":188,"column":9}},{"start":{"line":186,"column":8},"end":{"line":188,"column":9}}]},"22":{"loc":{"start":{"line":193,"column":4},"end":{"line":195,"column":5}},"type":"if","locations":[{"start":{"line":193,"column":4},"end":{"line":195,"column":5}},{"start":{"line":193,"column":4},"end":{"line":195,"column":5}}]},"23":{"loc":{"start":{"line":228,"column":10},"end":{"line":230,"column":11}},"type":"if","locations":[{"start":{"line":228,"column":10},"end":{"line":230,"column":11}},{"start":{"line":228,"column":10},"end":{"line":230,"column":11}}]},"24":{"loc":{"start":{"line":228,"column":14},"end":{"line":228,"column":37}},"type":"binary-expr","locations":[{"start":{"line":228,"column":14},"end":{"line":228,"column":37}},{"start":{"line":228,"column":41},"end":{"line":228,"column":73}}]},"25":{"loc":{"start":{"line":283,"column":9},"end":{"line":283,"column":33}},"type":"binary-expr","locations":[{"start":{"line":283,"column":9},"end":{"line":283,"column":33}},{"start":{"line":284,"column":8},"end":{"line":284,"column":111}}]},"26":{"loc":{"start":{"line":294,"column":2},"end":{"line":302,"column":3}},"type":"if","locations":[{"start":{"line":294,"column":2},"end":{"line":302,"column":3}},{"start":{"line":294,"column":2},"end":{"line":302,"column":3}}]},"27":{"loc":{"start":{"line":294,"column":6},"end":{"line":294,"column":14}},"type":"binary-expr","locations":[{"start":{"line":294,"column":6},"end":{"line":294,"column":14}},{"start":{"line":294,"column":18},"end":{"line":294,"column":26}},{"start":{"line":294,"column":31},"end":{"line":294,"column":55}},{"start":{"line":294,"column":59},"end":{"line":294,"column":74}}]},"28":{"loc":{"start":{"line":295,"column":46},"end":{"line":295,"column":54}},"type":"cond-expr","locations":[{"start":{"line":295,"column":46},"end":{"line":295,"column":54}},{"start":{"line":295,"column":57},"end":{"line":295,"column":67}}]},"29":{"loc":{"start":{"line":297,"column":6},"end":{"line":299,"column":7}},"type":"if","locations":[{"start":{"line":297,"column":6},"end":{"line":299,"column":7}},{"start":{"line":297,"column":6},"end":{"line":299,"column":7}}]},"30":{"loc":{"start":{"line":316,"column":26},"end":{"line":316,"column":50}},"type":"binary-expr","locations":[{"start":{"line":316,"column":26},"end":{"line":316,"column":50}},{"start":{"line":316,"column":54},"end":{"line":316,"column":86}}]},"31":{"loc":{"start":{"line":317,"column":6},"end":{"line":319,"column":7}},"type":"if","locations":[{"start":{"line":317,"column":6},"end":{"line":319,"column":7}},{"start":{"line":317,"column":6},"end":{"line":319,"column":7}}]},"32":{"loc":{"start":{"line":320,"column":6},"end":{"line":337,"column":7}},"type":"if","locations":[{"start":{"line":320,"column":6},"end":{"line":337,"column":7}},{"start":{"line":320,"column":6},"end":{"line":337,"column":7}}]},"33":{"loc":{"start":{"line":321,"column":8},"end":{"line":328,"column":9}},"type":"if","locations":[{"start":{"line":321,"column":8},"end":{"line":328,"column":9}},{"start":{"line":321,"column":8},"end":{"line":328,"column":9}}]},"34":{"loc":{"start":{"line":330,"column":13},"end":{"line":337,"column":7}},"type":"if","locations":[{"start":{"line":330,"column":13},"end":{"line":337,"column":7}},{"start":{"line":330,"column":13},"end":{"line":337,"column":7}}]},"35":{"loc":{"start":{"line":359,"column":6},"end":{"line":361,"column":7}},"type":"if","locations":[{"start":{"line":359,"column":6},"end":{"line":361,"column":7}},{"start":{"line":359,"column":6},"end":{"line":361,"column":7}}]},"36":{"loc":{"start":{"line":363,"column":6},"end":{"line":365,"column":7}},"type":"if","locations":[{"start":{"line":363,"column":6},"end":{"line":365,"column":7}},{"start":{"line":363,"column":6},"end":{"line":365,"column":7}}]},"37":{"loc":{"start":{"line":378,"column":38},"end":{"line":378,"column":71}},"type":"cond-expr","locations":[{"start":{"line":378,"column":38},"end":{"line":378,"column":71}},{"start":{"line":378,"column":74},"end":{"line":380,"column":11}}]},"38":{"loc":{"start":{"line":389,"column":2},"end":{"line":393,"column":3}},"type":"if","locations":[{"start":{"line":389,"column":2},"end":{"line":393,"column":3}},{"start":{"line":389,"column":2},"end":{"line":393,"column":3}}]},"39":{"loc":{"start":{"line":391,"column":8},"end":{"line":391,"column":46}},"type":"cond-expr","locations":[{"start":{"line":391,"column":8},"end":{"line":391,"column":46}},{"start":{"line":392,"column":8},"end":{"line":392,"column":49}}]},"40":{"loc":{"start":{"line":395,"column":6},"end":{"line":395,"column":40}},"type":"cond-expr","locations":[{"start":{"line":395,"column":6},"end":{"line":395,"column":40}},{"start":{"line":396,"column":6},"end":{"line":396,"column":41}}]}},"s":{"0":2,"1":1,"2":1,"3":1,"4":1,"5":1,"6":1,"7":2,"8":2,"9":0,"10":0,"11":0,"12":0,"13":0,"14":0,"15":0,"16":0,"17":0,"18":0,"19":0,"20":0,"21":0,"22":0,"23":0,"24":0,"25":0,"26":0,"27":0,"28":0,"29":0,"30":0,"31":0,"32":0,"33":0,"34":0,"35":0,"36":0,"37":0,"38":0,"39":0,"40":0,"41":0,"42":0,"43":0,"44":0,"45":0,"46":0,"47":0,"48":0,"49":0,"50":0,"51":0,"52":0,"53":0,"54":0,"55":0,"56":0,"57":0,"58":0,"59":0,"60":0,"61":0,"62":0,"63":0,"64":0,"65":0,"66":0,"67":0,"68":0,"69":0,"70":0,"71":0,"72":0,"73":0,"74":0,"75":0,"76":0,"77":0,"78":0,"79":0,"80":0,"81":0,"82":0,"83":0,"84":0,"85":0,"86":0,"87":0,"88":0,"89":0,"90":0,"91":0,"92":0,"93":0,"94":0,"95":0,"96":0,"97":0,"98":0,"99":0,"100":6,"101":3,"102":0,"103":0,"104":0,"105":0,"106":0,"107":0,"108":0,"109":0,"110":0,"111":0,"112":0,"113":0,"114":0,"115":0,"116":0,"117":0,"118":0,"119":0,"120":0,"121":0,"122":0,"123":0,"124":0,"125":0,"126":0,"127":0,"128":0,"129":0,"130":0,"131":0,"132":0,"133":0,"134":0,"135":0,"136":0,"137":0,"138":3,"139":3,"140":3,"141":3,"142":2,"143":2,"144":1,"145":1,"146":1,"147":1,"148":1,"149":0,"150":0,"151":0,"152":0,"153":0,"154":0,"155":3,"156":0,"157":3,"158":3,"159":1,"160":1},"f":{"0":2,"1":2,"2":0,"3":0,"4":0,"5":0,"6":0,"7":0,"8":0,"9":0,"10":0,"11":0,"12":0,"13":0,"14":0,"15":0,"16":0,"17":0,"18":0,"19":0,"20":0,"21":0,"22":0,"23":0,"24":0,"25":0,"26":6,"27":3,"28":0,"29":0,"30":0,"31":0,"32":0,"33":0,"34":0,"35":0,"36":0,"37":0,"38":0,"39":0,"40":0,"41":3,"42":3,"43":2,"44":2,"45":0,"46":0,"47":0,"48":0,"49":3,"50":3,"51":1},"b":{"0":[2,0],"1":[0,0],"2":[0,0],"3":[0,0],"4":[0,0],"5":[0,0],"6":[0,0,0],"7":[0,0],"8":[0,0],"9":[0,0],"10":[0],"11":[0,0],"12":[0,0],"13":[0,0],"14":[0,0],"15":[0,0],"16":[0,0],"17":[0,0],"18":[0,0],"19":[0,0],"20":[0,0],"21":[0,0],"22":[0,0],"23":[0,0],"24":[0,0],"25":[3,3],"26":[0,0],"27":[0,0,0,0],"28":[0,0],"29":[0,0],"30":[0,0],"31":[0,0],"32":[0,0],"33":[0,0],"34":[0,0],"35":[1,1],"36":[1,0],"37":[0,0],"38":[0,3],"39":[0,0],"40":[3,0]}}
,"C:\\Users\\petib\\Documents\\Projects\\jsonapi-tools\\packages\\server-core\\src\\handlers\\methods\\internal\\data-to-linkage.ts": {"path":"C:\\Users\\petib\\Documents\\Projects\\jsonapi-tools\\packages\\server-core\\src\\handlers\\methods\\internal\\data-to-linkage.ts","statementMap":{"0":{"start":{"line":1,"column":13},"end":{"line":null,"column":-1}},"1":{"start":{"line":3,"column":0},"end":{"line":3,"column":97}},"2":{"start":{"line":18,"column":38},"end":{"line":21,"column":5}},"3":{"start":{"line":23,"column":4},"end":{"line":25,"column":5}},"4":{"start":{"line":24,"column":6},"end":{"line":24,"column":35}},"5":{"start":{"line":27,"column":4},"end":{"line":27,"column":23}},"6":{"start":{"line":30,"column":2},"end":{"line":36,"column":4}},"7":{"start":{"line":10,"column":0},"end":{"line":37,"column":1}}},"fnMap":{"0":{"name":"dataToLinkage","decl":{"start":{"line":10,"column":0},"end":{"line":11,"column":1}},"loc":{"start":{"line":15,"column":22},"end":{"line":37,"column":1}}},"1":{"name":"mapLinkage","decl":{"start":{"line":17,"column":2},"end":{"line":17,"column":21}},"loc":{"start":{"line":17,"column":36},"end":{"line":28,"column":3}}}},"branchMap":{"0":{"loc":{"start":{"line":20,"column":39},"end":{"line":20,"column":46}},"type":"cond-expr","locations":[{"start":{"line":20,"column":39},"end":{"line":20,"column":46}},{"start":{"line":20,"column":49},"end":{"line":20,"column":53}}]},"1":{"loc":{"start":{"line":23,"column":4},"end":{"line":25,"column":5}},"type":"if","locations":[{"start":{"line":23,"column":4},"end":{"line":25,"column":5}},{"start":{"line":23,"column":4},"end":{"line":25,"column":5}}]},"2":{"loc":{"start":{"line":23,"column":8},"end":{"line":23,"column":27}},"type":"binary-expr","locations":[{"start":{"line":23,"column":8},"end":{"line":23,"column":27}},{"start":{"line":23,"column":31},"end":{"line":23,"column":40}}]},"3":{"loc":{"start":{"line":31,"column":32},"end":{"line":31,"column":52}},"type":"cond-expr","locations":[{"start":{"line":31,"column":32},"end":{"line":31,"column":52}},{"start":{"line":31,"column":55},"end":{"line":31,"column":101}}]},"4":{"loc":{"start":{"line":31,"column":78},"end":{"line":31,"column":94}},"type":"cond-expr","locations":[{"start":{"line":31,"column":78},"end":{"line":31,"column":94}},{"start":{"line":31,"column":97},"end":{"line":31,"column":101}}]},"5":{"loc":{"start":{"line":31,"column":56},"end":{"line":31,"column":60}},"type":"binary-expr","locations":[{"start":{"line":31,"column":56},"end":{"line":31,"column":60}},{"start":{"line":31,"column":64},"end":{"line":31,"column":74}}]},"6":{"loc":{"start":{"line":32,"column":26},"end":{"line":32,"column":78}},"type":"cond-expr","locations":[{"start":{"line":32,"column":26},"end":{"line":32,"column":78}},{"start":{"line":32,"column":81},"end":{"line":35,"column":5}}]}},"s":{"0":6,"1":3,"2":21,"3":21,"4":1,"5":21,"6":11,"7":3},"f":{"0":11,"1":21},"b":{"0":[7,14],"1":[1,20],"2":[21,7],"3":[3,8],"4":[6,2],"5":[8,2],"6":[1,10]}}
,"C:\\Users\\petib\\Documents\\Projects\\jsonapi-tools\\packages\\server-core\\src\\handlers\\methods\\internal\\data-to-resource.ts": {"path":"C:\\Users\\petib\\Documents\\Projects\\jsonapi-tools\\packages\\server-core\\src\\handlers\\methods\\internal\\data-to-resource.ts","statementMap":{"0":{"start":{"line":1,"column":13},"end":{"line":null,"column":-1}},"1":{"start":{"line":3,"column":0},"end":{"line":3,"column":45}},"2":{"start":{"line":9,"column":2},"end":{"line":11,"column":3}},"3":{"start":{"line":10,"column":4},"end":{"line":10,"column":16}},"4":{"start":{"line":13,"column":36},"end":{"line":19,"column":3}},"5":{"start":{"line":24,"column":2},"end":{"line":37,"column":3}},"6":{"start":{"line":25,"column":26},"end":{"line":25,"column":75}},"7":{"start":{"line":26,"column":4},"end":{"line":36,"column":5}},"8":{"start":{"line":27,"column":6},"end":{"line":29,"column":7}},"9":{"start":{"line":28,"column":8},"end":{"line":28,"column":27}},"10":{"start":{"line":30,"column":6},"end":{"line":30,"column":94}},"11":{"start":{"line":31,"column":11},"end":{"line":36,"column":5}},"12":{"start":{"line":32,"column":6},"end":{"line":34,"column":7}},"13":{"start":{"line":33,"column":8},"end":{"line":33,"column":24}},"14":{"start":{"line":35,"column":6},"end":{"line":35,"column":34}},"15":{"start":{"line":39,"column":2},"end":{"line":41,"column":3}},"16":{"start":{"line":40,"column":4},"end":{"line":40,"column":37}},"17":{"start":{"line":42,"column":2},"end":{"line":44,"column":3}},"18":{"start":{"line":43,"column":4},"end":{"line":43,"column":43}},"19":{"start":{"line":46,"column":2},"end":{"line":46,"column":18}},"20":{"start":{"line":8,"column":0},"end":{"line":47,"column":1}}},"fnMap":{"0":{"name":"dataToResource","decl":{"start":{"line":8,"column":0},"end":{"line":8,"column":38}},"loc":{"start":{"line":8,"column":82},"end":{"line":47,"column":1}}}},"branchMap":{"0":{"loc":{"start":{"line":9,"column":2},"end":{"line":11,"column":3}},"type":"if","locations":[{"start":{"line":9,"column":2},"end":{"line":11,"column":3}},{"start":{"line":9,"column":2},"end":{"line":11,"column":3}}]},"1":{"loc":{"start":{"line":14,"column":26},"end":{"line":14,"column":55}},"type":"cond-expr","locations":[{"start":{"line":14,"column":26},"end":{"line":14,"column":55}},{"start":{"line":14,"column":58},"end":{"line":16,"column":5}}]},"2":{"loc":{"start":{"line":25,"column":26},"end":{"line":25,"column":46}},"type":"binary-expr","locations":[{"start":{"line":25,"column":26},"end":{"line":25,"column":46}},{"start":{"line":25,"column":50},"end":{"line":25,"column":75}}]},"3":{"loc":{"start":{"line":26,"column":4},"end":{"line":36,"column":5}},"type":"if","locations":[{"start":{"line":26,"column":4},"end":{"line":36,"column":5}},{"start":{"line":26,"column":4},"end":{"line":36,"column":5}}]},"4":{"loc":{"start":{"line":27,"column":6},"end":{"line":29,"column":7}},"type":"if","locations":[{"start":{"line":27,"column":6},"end":{"line":29,"column":7}},{"start":{"line":27,"column":6},"end":{"line":29,"column":7}}]},"5":{"loc":{"start":{"line":31,"column":11},"end":{"line":36,"column":5}},"type":"if","locations":[{"start":{"line":31,"column":11},"end":{"line":36,"column":5}},{"start":{"line":31,"column":11},"end":{"line":36,"column":5}}]},"6":{"loc":{"start":{"line":31,"column":15},"end":{"line":31,"column":27}},"type":"binary-expr","locations":[{"start":{"line":31,"column":15},"end":{"line":31,"column":27}},{"start":{"line":31,"column":31},"end":{"line":31,"column":45}}]},"7":{"loc":{"start":{"line":32,"column":6},"end":{"line":34,"column":7}},"type":"if","locations":[{"start":{"line":32,"column":6},"end":{"line":34,"column":7}},{"start":{"line":32,"column":6},"end":{"line":34,"column":7}}]},"8":{"loc":{"start":{"line":39,"column":2},"end":{"line":41,"column":3}},"type":"if","locations":[{"start":{"line":39,"column":2},"end":{"line":41,"column":3}},{"start":{"line":39,"column":2},"end":{"line":41,"column":3}}]},"9":{"loc":{"start":{"line":42,"column":2},"end":{"line":44,"column":3}},"type":"if","locations":[{"start":{"line":42,"column":2},"end":{"line":44,"column":3}},{"start":{"line":42,"column":2},"end":{"line":44,"column":3}}]}},"s":{"0":4,"1":2,"2":7,"3":2,"4":5,"5":5,"6":14,"7":14,"8":2,"9":1,"10":2,"11":12,"12":3,"13":1,"14":3,"15":5,"16":1,"17":5,"18":1,"19":5,"20":2},"f":{"0":7},"b":{"0":[2,5],"1":[1,4],"2":[14,11],"3":[2,12],"4":[1,1],"5":[3,9],"6":[12,7],"7":[1,2],"8":[1,4],"9":[1,4]}}
,"C:\\Users\\petib\\Documents\\Projects\\jsonapi-tools\\packages\\server-core\\src\\handlers\\methods\\internal\\get-related-schema.ts": {"path":"C:\\Users\\petib\\Documents\\Projects\\jsonapi-tools\\packages\\server-core\\src\\handlers\\methods\\internal\\get-related-schema.ts","statementMap":{"0":{"start":{"line":1,"column":13},"end":{"line":null,"column":-1}},"1":{"start":{"line":3,"column":0},"end":{"line":3,"column":53}},"2":{"start":{"line":7,"column":24},"end":{"line":7,"column":82}},"3":{"start":{"line":8,"column":2},"end":{"line":10,"column":3}},"4":{"start":{"line":9,"column":4},"end":{"line":9,"column":25}},"5":{"start":{"line":11,"column":2},"end":{"line":11,"column":95}},"6":{"start":{"line":6,"column":0},"end":{"line":12,"column":1}}},"fnMap":{"0":{"name":"getRelatedSchema","decl":{"start":{"line":6,"column":0},"end":{"line":6,"column":40}},"loc":{"start":{"line":6,"column":78},"end":{"line":12,"column":1}}}},"branchMap":{"0":{"loc":{"start":{"line":7,"column":24},"end":{"line":7,"column":44}},"type":"binary-expr","locations":[{"start":{"line":7,"column":24},"end":{"line":7,"column":44}},{"start":{"line":7,"column":48},"end":{"line":7,"column":82}}]},"1":{"loc":{"start":{"line":8,"column":2},"end":{"line":10,"column":3}},"type":"if","locations":[{"start":{"line":8,"column":2},"end":{"line":10,"column":3}},{"start":{"line":8,"column":2},"end":{"line":10,"column":3}}]}},"s":{"0":2,"1":1,"2":0,"3":0,"4":0,"5":0,"6":1},"f":{"0":0},"b":{"0":[0,0],"1":[0,0]}}
,"C:\\Users\\petib\\Documents\\Projects\\jsonapi-tools\\packages\\server-core\\src\\handlers\\methods\\internal\\get-relationship-update-data.ts": {"path":"C:\\Users\\petib\\Documents\\Projects\\jsonapi-tools\\packages\\server-core\\src\\handlers\\methods\\internal\\get-relationship-update-data.ts","statementMap":{"0":{"start":{"line":1,"column":13},"end":{"line":null,"column":-1}},"1":{"start":{"line":3,"column":0},"end":{"line":3,"column":53}},"2":{"start":{"line":8,"column":2},"end":{"line":14,"column":3}},"3":{"start":{"line":11,"column":37},"end":{"line":11,"column":61}},"4":{"start":{"line":13,"column":4},"end":{"line":13,"column":21}},"5":{"start":{"line":15,"column":2},"end":{"line":15,"column":56}},"6":{"start":{"line":7,"column":0},"end":{"line":16,"column":1}}},"fnMap":{"0":{"name":"default_1","decl":{"start":{"line":7,"column":0},"end":{"line":7,"column":23}},"loc":{"start":{"line":7,"column":85},"end":{"line":16,"column":1}}},"1":{"name":"(anonymous_1)","decl":{"start":{"line":11,"column":23},"end":{"line":11,"column":32}},"loc":{"start":{"line":11,"column":37},"end":{"line":11,"column":61}}}},"branchMap":{"0":{"loc":{"start":{"line":8,"column":2},"end":{"line":14,"column":3}},"type":"if","locations":[{"start":{"line":8,"column":2},"end":{"line":14,"column":3}},{"start":{"line":8,"column":2},"end":{"line":14,"column":3}}]},"1":{"loc":{"start":{"line":9,"column":4},"end":{"line":9,"column":28}},"type":"binary-expr","locations":[{"start":{"line":9,"column":4},"end":{"line":9,"column":28}},{"start":{"line":10,"column":8},"end":{"line":10,"column":24}},{"start":{"line":10,"column":28},"end":{"line":10,"column":38}},{"start":{"line":11,"column":7},"end":{"line":12,"column":2}}]}},"s":{"0":2,"1":1,"2":4,"3":2,"4":2,"5":2,"6":1},"f":{"0":4,"1":2},"b":{"0":[2,2],"1":[4,4,2,3]}}
,"C:\\Users\\petib\\Documents\\Projects\\jsonapi-tools\\packages\\server-core\\src\\handlers\\methods\\internal\\model-for-type.ts": {"path":"C:\\Users\\petib\\Documents\\Projects\\jsonapi-tools\\packages\\server-core\\src\\handlers\\methods\\internal\\model-for-type.ts","statementMap":{"0":{"start":{"line":1,"column":13},"end":{"line":null,"column":-1}},"1":{"start":{"line":3,"column":0},"end":{"line":3,"column":53}},"2":{"start":{"line":8,"column":2},"end":{"line":10,"column":3}},"3":{"start":{"line":9,"column":4},"end":{"line":9,"column":24}},"4":{"start":{"line":11,"column":2},"end":{"line":11,"column":75}},"5":{"start":{"line":7,"column":0},"end":{"line":12,"column":1}}},"fnMap":{"0":{"name":"modelForType","decl":{"start":{"line":7,"column":0},"end":{"line":7,"column":36}},"loc":{"start":{"line":7,"column":84},"end":{"line":12,"column":1}}}},"branchMap":{"0":{"loc":{"start":{"line":8,"column":2},"end":{"line":10,"column":3}},"type":"if","locations":[{"start":{"line":8,"column":2},"end":{"line":10,"column":3}},{"start":{"line":8,"column":2},"end":{"line":10,"column":3}}]}},"s":{"0":2,"1":1,"2":3,"3":2,"4":1,"5":1},"f":{"0":3},"b":{"0":[2,1]}}
,"C:\\Users\\petib\\Documents\\Projects\\jsonapi-tools\\packages\\server-core\\src\\types\\model.ts": {"path":"C:\\Users\\petib\\Documents\\Projects\\jsonapi-tools\\packages\\server-core\\src\\types\\model.ts","statementMap":{"0":{"start":{"line":31,"column":2},"end":{"line":31,"column":78}},"1":{"start":{"line":30,"column":0},"end":{"line":32,"column":1}}},"fnMap":{"0":{"name":"isDataLinkage","decl":{"start":{"line":30,"column":0},"end":{"line":30,"column":29}},"loc":{"start":{"line":30,"column":47},"end":{"line":32,"column":1}}}},"branchMap":{"0":{"loc":{"start":{"line":31,"column":9},"end":{"line":31,"column":18}},"type":"binary-expr","locations":[{"start":{"line":31,"column":9},"end":{"line":31,"column":18}},{"start":{"line":31,"column":22},"end":{"line":31,"column":49}},{"start":{"line":31,"column":53},"end":{"line":31,"column":77}}]}},"s":{"0":42,"1":3},"f":{"0":42},"b":{"0":[42,42,14]}}
,"C:\\Users\\petib\\Documents\\Projects\\jsonapi-tools\\packages\\server-core\\src\\utils\\custom-error.ts": {"path":"C:\\Users\\petib\\Documents\\Projects\\jsonapi-tools\\packages\\server-core\\src\\utils\\custom-error.ts","statementMap":{"0":{"start":{"line":7,"column":4},"end":{"line":7,"column":19}},"1":{"start":{"line":9,"column":4},"end":{"line":9,"column":52}},"2":{"start":{"line":11,"column":4},"end":{"line":11,"column":38}},"3":{"start":{"line":13,"column":4},"end":{"line":15,"column":5}},"4":{"start":{"line":14,"column":6},"end":{"line":14,"column":27}},"5":{"start":{"line":3,"column":0},"end":{"line":17,"column":1}}},"fnMap":{"0":{"name":"(anonymous_0)","decl":{"start":{"line":6,"column":2},"end":{"line":6,"column":13}},"loc":{"start":{"line":6,"column":56},"end":{"line":16,"column":3}}}},"branchMap":{"0":{"loc":{"start":{"line":6,"column":32},"end":{"line":6,"column":34}},"type":"default-arg","locations":[{"start":{"line":6,"column":32},"end":{"line":6,"column":34}}]},"1":{"loc":{"start":{"line":6,"column":53},"end":{"line":6,"column":56}},"type":"default-arg","locations":[{"start":{"line":6,"column":53},"end":{"line":6,"column":56}}]},"2":{"loc":{"start":{"line":13,"column":4},"end":{"line":15,"column":5}},"type":"if","locations":[{"start":{"line":13,"column":4},"end":{"line":15,"column":5}},{"start":{"line":13,"column":4},"end":{"line":15,"column":5}}]}},"s":{"0":4,"1":4,"2":4,"3":4,"4":4,"5":2},"f":{"0":4},"b":{"0":[0],"1":[0],"2":[4,0]}}
}
