TN:
SF:C:\Users\petib\Documents\Projects\jsonapi-tools\packages\server-core\src\handlers\methods\get.ts
FN:27,getResource
FN:36,(anonymous_1)
FN:39,getResources
FN:52,(anonymous_3)
FN:52,(anonymous_4)
FN:59,(anonymous_5)
FN:59,(anonymous_6)
FN:63,getRelationshipObject
FN:70,(anonymous_8)
FN:76,(anonymous_9)
FN:85,validateIncludes
FN:97,buildLinkMap
FN:107,uniqueLinks
FN:119,addToItemCache
FN:126,includeTier
FN:133,(anonymous_15)
FN:138,(anonymous_16)
FN:150,(anonymous_17)
FN:167,(anonymous_18)
FN:168,(anonymous_19)
FN:175,(anonymous_20)
FN:177,(anonymous_21)
FN:184,(anonymous_22)
FN:201,getIncludedResources
FN:208,(anonymous_24)
FN:221,(anonymous_25)
FN:276,isGetOneRequest
FN:280,isRelatedRequest
FN:287,includeRelatedResources
FN:296,(anonymous_29)
FN:306,getRelatedResourceDocument
FN:312,(anonymous_31)
FN:313,(anonymous_32)
FN:314,(anonymous_33)
FN:324,(anonymous_34)
FN:327,(anonymous_35)
FN:336,(anonymous_36)
FN:339,(anonymous_37)
FN:342,getRelationshipDocument
FN:348,(anonymous_39)
FN:349,(anonymous_40)
FN:352,getResourceDocument
FN:356,(anonymous_42)
FN:357,(anonymous_43)
FN:358,(anonymous_44)
FN:370,getResourcesDocument
FN:374,(anonymous_46)
FN:375,(anonymous_47)
FN:376,(anonymous_48)
FN:386,getResponseDocument
FN:399,get
FN:400,(anonymous_51)
FNF:52
FNH:11
FNDA:2,getResource
FNDA:2,(anonymous_1)
FNDA:0,getResources
FNDA:0,(anonymous_3)
FNDA:0,(anonymous_4)
FNDA:0,(anonymous_5)
FNDA:0,(anonymous_6)
FNDA:0,getRelationshipObject
FNDA:0,(anonymous_8)
FNDA:0,(anonymous_9)
FNDA:0,validateIncludes
FNDA:0,buildLinkMap
FNDA:0,uniqueLinks
FNDA:0,addToItemCache
FNDA:0,includeTier
FNDA:0,(anonymous_15)
FNDA:0,(anonymous_16)
FNDA:0,(anonymous_17)
FNDA:0,(anonymous_18)
FNDA:0,(anonymous_19)
FNDA:0,(anonymous_20)
FNDA:0,(anonymous_21)
FNDA:0,(anonymous_22)
FNDA:0,getIncludedResources
FNDA:0,(anonymous_24)
FNDA:0,(anonymous_25)
FNDA:6,isGetOneRequest
FNDA:3,isRelatedRequest
FNDA:0,includeRelatedResources
FNDA:0,(anonymous_29)
FNDA:0,getRelatedResourceDocument
FNDA:0,(anonymous_31)
FNDA:0,(anonymous_32)
FNDA:0,(anonymous_33)
FNDA:0,(anonymous_34)
FNDA:0,(anonymous_35)
FNDA:0,(anonymous_36)
FNDA:0,(anonymous_37)
FNDA:0,getRelationshipDocument
FNDA:0,(anonymous_39)
FNDA:0,(anonymous_40)
FNDA:3,getResourceDocument
FNDA:3,(anonymous_42)
FNDA:2,(anonymous_43)
FNDA:2,(anonymous_44)
FNDA:0,getResourcesDocument
FNDA:0,(anonymous_46)
FNDA:0,(anonymous_47)
FNDA:0,(anonymous_48)
FNDA:3,getResponseDocument
FNDA:3,get
FNDA:1,(anonymous_51)
DA:1,2
DA:3,1
DA:5,1
DA:6,1
DA:7,1
DA:8,1
DA:10,1
DA:33,2
DA:36,2
DA:47,0
DA:48,0
DA:52,0
DA:54,0
DA:59,0
DA:70,0
DA:71,0
DA:72,0
DA:73,0
DA:74,0
DA:76,0
DA:77,0
DA:78,0
DA:80,0
DA:86,0
DA:87,0
DA:88,0
DA:89,0
DA:91,0
DA:98,0
DA:99,0
DA:100,0
DA:102,0
DA:104,0
DA:108,0
DA:109,0
DA:110,0
DA:111,0
DA:114,0
DA:120,0
DA:121,0
DA:123,0
DA:133,0
DA:134,0
DA:136,0
DA:138,0
DA:139,0
DA:140,0
DA:141,0
DA:142,0
DA:143,0
DA:146,0
DA:149,0
DA:150,0
DA:151,0
DA:152,0
DA:153,0
DA:154,0
DA:155,0
DA:157,0
DA:160,0
DA:162,0
DA:163,0
DA:167,0
DA:168,0
DA:169,0
DA:170,0
DA:172,0
DA:175,0
DA:176,0
DA:178,0
DA:179,0
DA:180,0
DA:184,0
DA:185,0
DA:186,0
DA:187,0
DA:190,0
DA:193,0
DA:194,0
DA:197,0
DA:208,0
DA:209,0
DA:211,0
DA:213,0
DA:214,0
DA:215,0
DA:218,0
DA:219,0
DA:221,0
DA:222,0
DA:224,0
DA:226,0
DA:227,0
DA:228,0
DA:229,0
DA:234,0
DA:277,6
DA:283,3
DA:291,0
DA:292,0
DA:294,0
DA:295,0
DA:296,0
DA:297,0
DA:298,0
DA:300,0
DA:303,0
DA:309,0
DA:310,0
DA:312,0
DA:313,0
DA:315,0
DA:316,0
DA:317,0
DA:318,0
DA:320,0
DA:321,0
DA:322,0
DA:324,0
DA:327,0
DA:329,0
DA:330,0
DA:331,0
DA:336,0
DA:338,0
DA:339,0
DA:345,0
DA:346,0
DA:348,0
DA:349,0
DA:353,3
DA:354,3
DA:356,3
DA:357,2
DA:359,2
DA:360,1
DA:362,1
DA:363,1
DA:364,1
DA:366,1
DA:371,0
DA:372,0
DA:374,0
DA:375,0
DA:377,0
DA:389,3
DA:390,0
DA:394,3
DA:399,1
DA:400,3
LF:150
LH:25
BRDA:35,0,0,2
BRDA:35,0,1,0
BRDA:47,1,0,0
BRDA:47,1,1,0
BRDA:49,2,0,0
BRDA:49,2,1,0
BRDA:52,3,0,0
BRDA:52,3,1,0
BRDA:56,4,0,0
BRDA:56,4,1,0
BRDA:59,5,0,0
BRDA:59,5,1,0
BRDA:73,6,0,0
BRDA:73,6,1,0
BRDA:73,6,2,0
BRDA:77,7,0,0
BRDA:77,7,1,0
BRDA:86,8,0,0
BRDA:86,8,1,0
BRDA:88,9,0,0
BRDA:88,9,1,0
BRDA:97,10,0,0
BRDA:99,11,0,0
BRDA:99,11,1,0
BRDA:120,12,0,0
BRDA:120,12,1,0
BRDA:140,13,0,0
BRDA:140,13,1,0
BRDA:142,14,0,0
BRDA:142,14,1,0
BRDA:151,15,0,0
BRDA:151,15,1,0
BRDA:151,16,0,0
BRDA:151,16,1,0
BRDA:153,17,0,0
BRDA:153,17,1,0
BRDA:154,18,0,0
BRDA:154,18,1,0
BRDA:168,19,0,0
BRDA:168,19,1,0
BRDA:169,20,0,0
BRDA:169,20,1,0
BRDA:186,21,0,0
BRDA:186,21,1,0
BRDA:193,22,0,0
BRDA:193,22,1,0
BRDA:228,23,0,0
BRDA:228,23,1,0
BRDA:228,24,0,0
BRDA:228,24,1,0
BRDA:283,25,0,3
BRDA:283,25,1,3
BRDA:294,26,0,0
BRDA:294,26,1,0
BRDA:294,27,0,0
BRDA:294,27,1,0
BRDA:294,27,2,0
BRDA:294,27,3,0
BRDA:295,28,0,0
BRDA:295,28,1,0
BRDA:297,29,0,0
BRDA:297,29,1,0
BRDA:316,30,0,0
BRDA:316,30,1,0
BRDA:317,31,0,0
BRDA:317,31,1,0
BRDA:320,32,0,0
BRDA:320,32,1,0
BRDA:321,33,0,0
BRDA:321,33,1,0
BRDA:330,34,0,0
BRDA:330,34,1,0
BRDA:359,35,0,1
BRDA:359,35,1,1
BRDA:363,36,0,1
BRDA:363,36,1,0
BRDA:378,37,0,0
BRDA:378,37,1,0
BRDA:389,38,0,0
BRDA:389,38,1,3
BRDA:391,39,0,0
BRDA:391,39,1,0
BRDA:395,40,0,3
BRDA:395,40,1,0
BRF:84
BRH:8
end_of_record
TN:
SF:C:\Users\petib\Documents\Projects\jsonapi-tools\packages\server-core\src\handlers\methods\internal\data-to-linkage.ts
FN:10,dataToLinkage
FN:17,mapLinkage
FNF:2
FNH:2
FNDA:11,dataToLinkage
FNDA:21,mapLinkage
DA:1,6
DA:3,3
DA:10,3
DA:18,21
DA:23,21
DA:24,1
DA:27,21
DA:30,11
LF:8
LH:8
BRDA:20,0,0,7
BRDA:20,0,1,14
BRDA:23,1,0,1
BRDA:23,1,1,20
BRDA:23,2,0,21
BRDA:23,2,1,7
BRDA:31,3,0,3
BRDA:31,3,1,8
BRDA:31,4,0,6
BRDA:31,4,1,2
BRDA:31,5,0,8
BRDA:31,5,1,2
BRDA:32,6,0,1
BRDA:32,6,1,10
BRF:14
BRH:14
end_of_record
TN:
SF:C:\Users\petib\Documents\Projects\jsonapi-tools\packages\server-core\src\handlers\methods\internal\data-to-resource.ts
FN:8,dataToResource
FNF:1
FNH:1
FNDA:7,dataToResource
DA:1,4
DA:3,2
DA:8,2
DA:9,7
DA:10,2
DA:13,5
DA:24,5
DA:25,14
DA:26,14
DA:27,2
DA:28,1
DA:30,2
DA:31,12
DA:32,3
DA:33,1
DA:35,3
DA:39,5
DA:40,1
DA:42,5
DA:43,1
DA:46,5
LF:21
LH:21
BRDA:9,0,0,2
BRDA:9,0,1,5
BRDA:14,1,0,1
BRDA:14,1,1,4
BRDA:25,2,0,14
BRDA:25,2,1,11
BRDA:26,3,0,2
BRDA:26,3,1,12
BRDA:27,4,0,1
BRDA:27,4,1,1
BRDA:31,5,0,3
BRDA:31,5,1,9
BRDA:31,6,0,12
BRDA:31,6,1,7
BRDA:32,7,0,1
BRDA:32,7,1,2
BRDA:39,8,0,1
BRDA:39,8,1,4
BRDA:42,9,0,1
BRDA:42,9,1,4
BRF:20
BRH:20
end_of_record
TN:
SF:C:\Users\petib\Documents\Projects\jsonapi-tools\packages\server-core\src\handlers\methods\internal\get-related-schema.ts
FN:6,getRelatedSchema
FNF:1
FNH:0
FNDA:0,getRelatedSchema
DA:1,2
DA:3,1
DA:6,1
DA:7,0
DA:8,0
DA:9,0
DA:11,0
LF:7
LH:3
BRDA:7,0,0,0
BRDA:7,0,1,0
BRDA:8,1,0,0
BRDA:8,1,1,0
BRF:4
BRH:0
end_of_record
TN:
SF:C:\Users\petib\Documents\Projects\jsonapi-tools\packages\server-core\src\handlers\methods\internal\get-relationship-update-data.ts
FN:7,default_1
FN:11,(anonymous_1)
FNF:2
FNH:2
FNDA:4,default_1
FNDA:2,(anonymous_1)
DA:1,2
DA:3,1
DA:7,1
DA:8,4
DA:11,2
DA:13,2
DA:15,2
LF:7
LH:7
BRDA:8,0,0,2
BRDA:8,0,1,2
BRDA:9,1,0,4
BRDA:9,1,1,4
BRDA:9,1,2,2
BRDA:9,1,3,3
BRF:6
BRH:6
end_of_record
TN:
SF:C:\Users\petib\Documents\Projects\jsonapi-tools\packages\server-core\src\handlers\methods\internal\model-for-type.ts
FN:7,modelForType
FNF:1
FNH:1
FNDA:3,modelForType
DA:1,2
DA:3,1
DA:7,1
DA:8,3
DA:9,2
DA:11,1
LF:6
LH:6
BRDA:8,0,0,2
BRDA:8,0,1,1
BRF:2
BRH:2
end_of_record
TN:
SF:C:\Users\petib\Documents\Projects\jsonapi-tools\packages\server-core\src\types\model.ts
FN:30,isDataLinkage
FNF:1
FNH:1
FNDA:42,isDataLinkage
DA:30,3
DA:31,42
LF:2
LH:2
BRDA:31,0,0,42
BRDA:31,0,1,42
BRDA:31,0,2,14
BRF:3
BRH:3
end_of_record
TN:
SF:C:\Users\petib\Documents\Projects\jsonapi-tools\packages\server-core\src\utils\custom-error.ts
FN:6,(anonymous_0)
FNF:1
FNH:1
FNDA:4,(anonymous_0)
DA:3,2
DA:7,4
DA:9,4
DA:11,4
DA:13,4
DA:14,4
LF:6
LH:6
BRDA:6,0,0,0
BRDA:6,1,0,0
BRDA:13,2,0,4
BRDA:13,2,1,0
BRF:4
BRH:1
end_of_record
